mode: set
excel-receiver/entity/token.go:12.34,14.2 1 1
excel-receiver/util/create_directory.go:6.51,7.29 1 1
excel-receiver/util/create_directory.go:15.2,15.8 1 1
excel-receiver/util/create_directory.go:7.29,9.35 2 1
excel-receiver/util/create_directory.go:9.35,10.56 1 1
excel-receiver/util/create_directory.go:10.56,12.5 1 0
excel-receiver/util/generator.go:5.29,7.2 1 1
excel-receiver/config/config.go:57.42,65.16 6 1
excel-receiver/config/config.go:69.2,72.8 4 1
excel-receiver/config/config.go:65.16,67.3 1 1
excel-receiver/middleware/middleware.go:18.98,19.32 1 1
excel-receiver/middleware/middleware.go:19.32,35.22 6 1
excel-receiver/middleware/middleware.go:44.3,44.44 1 1
excel-receiver/middleware/middleware.go:53.3,56.17 3 1
excel-receiver/middleware/middleware.go:71.3,75.13 4 1
excel-receiver/middleware/middleware.go:35.22,42.4 3 1
excel-receiver/middleware/middleware.go:44.44,51.4 3 1
excel-receiver/middleware/middleware.go:56.17,69.4 3 1
excel-receiver/middleware/middleware.go:79.65,80.32 1 1
excel-receiver/middleware/middleware.go:80.32,120.3 14 1
excel-receiver/service/create_request.go:27.143,33.2 1 1
excel-receiver/service/create_request.go:35.130,45.16 3 1
excel-receiver/service/create_request.go:49.2,49.23 1 1
excel-receiver/service/create_request.go:57.2,57.16 1 1
excel-receiver/service/create_request.go:61.2,61.34 1 1
excel-receiver/service/create_request.go:72.2,74.56 3 1
excel-receiver/service/create_request.go:78.2,86.8 3 1
excel-receiver/service/create_request.go:45.16,47.3 1 0
excel-receiver/service/create_request.go:50.15,51.70 1 1
excel-receiver/service/create_request.go:52.14,53.69 1 1
excel-receiver/service/create_request.go:54.10,55.70 1 1
excel-receiver/service/create_request.go:57.16,59.3 1 1
excel-receiver/service/create_request.go:61.34,62.82 1 1
excel-receiver/service/create_request.go:62.82,69.4 2 0
excel-receiver/service/create_request.go:74.56,76.3 1 0
excel-receiver/service/create_request.go:89.130,97.16 3 1
excel-receiver/service/create_request.go:101.2,105.35 4 1
excel-receiver/service/create_request.go:113.2,115.8 2 1
excel-receiver/service/create_request.go:97.16,99.3 1 0
excel-receiver/service/create_request.go:105.35,111.3 2 1
excel-receiver/service/create_request.go:118.129,128.6 3 1
excel-receiver/service/create_request.go:142.2,144.35 2 1
excel-receiver/service/create_request.go:152.2,154.8 2 1
excel-receiver/service/create_request.go:128.6,130.20 2 1
excel-receiver/service/create_request.go:134.3,134.17 1 1
excel-receiver/service/create_request.go:138.3,139.17 2 1
excel-receiver/service/create_request.go:130.20,131.9 1 1
excel-receiver/service/create_request.go:134.17,136.4 1 0
excel-receiver/service/create_request.go:144.35,150.3 2 1
excel-receiver/service/create_request.go:157.122,168.29 2 1
excel-receiver/service/create_request.go:182.2,182.31 1 1
excel-receiver/service/create_request.go:168.29,169.15 1 1
excel-receiver/service/create_request.go:169.15,171.18 2 1
excel-receiver/service/create_request.go:171.18,173.5 1 1
excel-receiver/service/create_request.go:174.9,176.18 2 1
excel-receiver/service/create_request.go:179.4,179.40 1 1
excel-receiver/service/create_request.go:176.18,178.5 1 1
excel-receiver/service/create_request.go:185.99,186.26 1 1
excel-receiver/service/create_request.go:193.2,193.45 1 1
excel-receiver/service/create_request.go:198.2,198.12 1 1
excel-receiver/service/create_request.go:186.26,187.41 1 1
excel-receiver/service/create_request.go:187.41,189.4 1 1
excel-receiver/service/create_request.go:193.45,194.15 1 1
excel-receiver/service/create_request.go:194.15,196.4 1 1
excel-receiver/service/create_request.go:201.113,207.33 3 1
excel-receiver/service/create_request.go:238.2,238.19 1 1
excel-receiver/service/create_request.go:207.33,208.16 1 1
excel-receiver/service/create_request.go:232.3,232.17 1 1
excel-receiver/service/create_request.go:235.3,235.8 1 1
excel-receiver/service/create_request.go:209.17,210.27 1 1
excel-receiver/service/create_request.go:211.22,212.32 1 1
excel-receiver/service/create_request.go:213.20,214.30 1 1
excel-receiver/service/create_request.go:215.16,216.22 1 1
excel-receiver/service/create_request.go:219.16,220.26 1 1
excel-receiver/service/create_request.go:221.15,222.25 1 1
excel-receiver/service/create_request.go:223.20,224.29 1 1
excel-receiver/service/create_request.go:225.19,226.29 1 1
excel-receiver/service/create_request.go:227.20,228.22 1 1
excel-receiver/service/create_request.go:216.22,218.5 1 1
excel-receiver/service/create_request.go:228.22,230.5 1 1
excel-receiver/service/create_request.go:232.17,234.4 1 1
excel-receiver/service/create_request.go:241.78,242.15 1 1
excel-receiver/service/create_request.go:249.2,249.12 1 1
excel-receiver/service/create_request.go:242.15,244.17 2 1
excel-receiver/service/create_request.go:247.3,247.18 1 1
excel-receiver/service/create_request.go:244.17,246.4 1 1
excel-receiver/http/api/app.go:24.111,26.2 1 1
excel-receiver/http/api/app.go:28.66,45.2 9 1
excel-receiver/http/api/app.go:47.51,51.2 1 1
excel-receiver/http/api/app.go:53.51,61.42 3 1
excel-receiver/http/api/app.go:73.2,74.16 2 1
excel-receiver/http/api/app.go:79.2,79.27 1 1
excel-receiver/http/api/app.go:91.2,97.43 4 1
excel-receiver/http/api/app.go:61.42,71.3 3 1
excel-receiver/http/api/app.go:74.16,77.3 2 1
excel-receiver/http/api/app.go:79.27,89.3 3 1
excel-receiver/http/api/map_response.go:12.84,13.16 1 1
excel-receiver/http/api/map_response.go:24.2,25.27 2 1
excel-receiver/http/api/map_response.go:36.2,43.3 1 1
excel-receiver/http/api/map_response.go:13.16,22.3 1 1
excel-receiver/http/api/map_response.go:25.27,34.3 1 1
